<?xml version="1.0" encoding="utf-8"?><testsuites name="pytest tests"><testsuite name="pytest" errors="0" failures="0" skipped="0" tests="12" time="5.365" timestamp="2026-09-22T22:23:24.370671+00:00" hostname="agent-env-241da71b-098a-40e8-bdbe-8698823007c4"><testcase classname="tests.test_mana_ooru" name="test_root" time="0.264" /><testcase classname="tests.test_mana_ooru" name="test_locations_list" time="0.073" /><testcase classname="tests.test_mana_ooru" name="test_location_patavala" time="0.077" /><testcase classname="tests.test_mana_ooru" name="test_location_not_found" time="0.087" /><testcase classname="tests.test_mana_ooru" name="test_emergency" time="0.076" /><testcase classname="tests.test_mana_ooru" name="test_businesses_health" time="0.088" /><testcase classname="tests.test_mana_ooru" name="test_businesses_pharmacy_filter" time="0.069" /><testcase classname="tests.test_mana_ooru" name="test_businesses_transport" time="0.077" /><testcase classname="tests.test_mana_ooru" name="test_businesses_government" time="0.070" /><testcase classname="tests.test_mana_ooru" name="test_updates" time="0.081" /><testcase classname="tests.test_mana_ooru" name="test_search_pharmacy" time="2.716" /><testcase classname="tests.test_mana_ooru" name="test_search_telugu" time="1.375" /></testsuite></testsuites>