<?xml version="1.0" encoding="utf-8"?><testsuites name="pytest tests"><testsuite name="pytest" errors="0" failures="0" skipped="0" tests="15" time="7.408" timestamp="2026-09-22T22:49:36.804468+00:00" hostname="agent-env-241da71b-098a-40e8-bdbe-8698823007c4"><testcase classname="tests.test_round2.TestAuth" name="test_session_garbage" time="0.332" /><testcase classname="tests.test_round2.TestBusinessEditor" name="test_login_wrong_code" time="0.324" /><testcase classname="tests.test_round2.TestBusinessEditor" name="test_login_correct_code_then_me_and_update" time="0.613" /><testcase classname="tests.test_round2.TestAuth" name="test_me_without_auth" time="0.129" /><testcase classname="tests.test_round2.TestAuth" name="test_me_bogus_bearer" time="0.140" /><testcase classname="tests.test_round2.TestPosts" name="test_list_posts" time="0.571" /><testcase classname="tests.test_round2.TestBusinessEditor" name="test_put_without_token" time="0.069" /><testcase classname="tests.test_round2.TestBuses" name="test_buses_patavala" time="0.073" /><testcase classname="tests.test_round2.TestBuses" name="test_buses_other_location_empty" time="0.075" /><testcase classname="tests.test_round2.TestBroadcast" name="test_broadcast_creates_update" time="0.164" /><testcase classname="tests.test_round2.TestPosts" name="test_create_post_requires_auth" time="0.158" /><testcase classname="tests.test_round2.TestUploads" name="test_upload_requires_auth" time="2.592" /><testcase classname="tests.test_round2.TestVoice" name="test_transcribe_empty" time="0.149" /><testcase classname="tests.test_round2.TestVoice" name="test_transcribe_random_bytes" time="1.807" /><testcase classname="tests.test_round2.TestPush" name="test_register_push" time="3.187" /></testsuite></testsuites>