<?xml version="1.0" encoding="utf-8"?><testsuites name="pytest tests"><testsuite name="pytest" errors="0" failures="0" skipped="0" tests="17" time="2.750" timestamp="2026-09-22T23:20:14.820853+00:00" hostname="agent-env-241da71b-098a-40e8-bdbe-8698823007c4"><testcase classname="tests.test_security_audit.TestSanity" name="test_root" time="0.201" /><testcase classname="tests.test_security_audit.TestSEC004ReportDedup" name="test_first_report_ok" time="0.199" /><testcase classname="tests.test_security_audit.TestSEC004ReportDedup" name="test_duplicate_device_dedup" time="0.374" /><testcase classname="tests.test_security_audit.TestSanity" name="test_locations" time="0.087" /><testcase classname="tests.test_security_audit.TestSanity" name="test_businesses_count" time="0.089" /><testcase classname="tests.test_security_audit.TestSanity" name="test_buses_count" time="0.087" /><testcase classname="tests.test_security_audit.TestSanity" name="test_auth_session_garbage" time="0.167" /><testcase classname="tests.test_security_audit.TestSEC004ReportDedup" name="test_five_unique_devices_hide_post" time="0.398" /><testcase classname="tests.test_security_audit.TestSEC003PathTraversal" name="test_dotdot_rejected" time="0.147" /><testcase classname="tests.test_security_audit.TestSEC003PathTraversal" name="test_other_namespace_rejected" time="0.084" /><testcase classname="tests.test_security_audit.TestSEC003PathTraversal" name="test_valid_prefix_missing_key" time="0.457" /><testcase classname="tests.test_security_audit.TestSEC004ReportDedup" name="test_no_hidden_if_field_anywhere" time="0.002" /><testcase classname="tests.test_security_audit.TestSEC001Broadcast" name="test_public_broadcast_removed" time="0.073" /><testcase classname="tests.test_security_audit.TestSEC001Broadcast" name="test_admin_broadcast_requires_auth" time="0.082" /><testcase classname="tests.test_security_audit.TestSEC005PushIdentity" name="test_anonymous_registration_uses_server_derived_user_id" time="0.138" /><testcase classname="tests.test_security_audit.TestSEC002EditCodes" name="test_legacy_code_rejected" time="0.176" /><testcase classname="tests.test_security_audit.TestSEC002EditCodes" name="test_rate_limit_429_after_five_fails" time="0.636" /></testsuite></testsuites>